<?xml version="1.0" encoding="UTF-8"?>
<!-- Generated by org.testng.reporters.JUnitReportReporter -->
<testsuite hostname="LAPTOP-CSN7IEOG" failures="0" tests="4" name="DataProviders.Datapro" time="0.013" errors="0" timestamp="2022-11-14T22:29:12 IST" skipped="0">
  <testcase classname="DataProviders.Datapro" name="test" time="0.001"/>
  <system-out/>
  <testcase classname="DataProviders.Datapro" name="test" time="0.009"/>
  <system-out/>
  <testcase classname="DataProviders.Datapro" name="test" time="0.001"/>
  <system-out/>
  <testcase classname="DataProviders.Datapro" name="test" time="0.002"/>
  <system-out/>
</testsuite> <!-- DataProviders.Datapro -->
