<?xml version="1.0" encoding="UTF-8"?>
<!-- Generated by org.testng.reporters.JUnitReportReporter -->
<testsuite hostname="LAPTOP-CSN7IEOG" failures="0" tests="1" name="skiptestcases.skip" time="0.023" errors="0" timestamp="2022-11-14T13:01:17 IST" skipped="0">
  <testcase classname="skiptestcases.skip" name="skiptestcase2" time="0.023"/>
  <system-out/>
</testsuite> <!-- skiptestcases.skip -->
