<?xml version="1.0" encoding="UTF-8"?>
<!-- Generated by org.testng.reporters.JUnitReportReporter -->
<testsuite hostname="LAPTOP-CSN7IEOG" failures="0" tests="1" name="hardassert.Hardassertion" time="76.669" errors="0" timestamp="2022-11-14T11:24:43 IST" skipped="0">
  <testcase classname="hardassert.Hardassertion" name="Assertion" time="76.669"/>
  <system-out/>
</testsuite> <!-- hardassert.Hardassertion -->
