<?xml version="1.0" encoding="UTF-8"?>
<!-- Generated by org.testng.reporters.JUnitReportReporter -->
<testsuite hostname="LAPTOP-CSN7IEOG" failures="0" tests="2" name="groups.groups" time="0.017" errors="0" timestamp="2022-11-15T11:59:23 IST" skipped="0">
  <testcase classname="groups.groups" name="method3" time="0.012"/>
  <system-out/>
  <testcase classname="groups.groups" name="newmethod" time="0.005"/>
  <system-out/>
</testsuite> <!-- groups.groups -->
