<?xml version="1.0" encoding="UTF-8"?>
<!-- Generated by org.testng.reporters.JUnitReportReporter -->
<testsuite hostname="LAPTOP-CSN7IEOG" failures="0" tests="2" name="basicsestng.groups" time="0.010" errors="0" timestamp="2022-11-14T12:40:14 IST" skipped="0">
  <testcase classname="basicsestng.groups" name="method3" time="0.004"/>
  <system-out/>
  <testcase classname="basicsestng.groups" name="newmethod" time="0.006"/>
  <system-out/>
</testsuite> <!-- basicsestng.groups -->
