<?xml version="1.0" encoding="UTF-8"?>
<!-- Generated by org.testng.reporters.JUnitReportReporter -->
<testsuite hostname="LAPTOP-CSN7IEOG" failures="0" tests="1" name="basicsestng.TesNgPractics" time="0.040" errors="0" timestamp="2022-11-14T08:59:27 IST" skipped="0">
  <testcase classname="basicsestng.TesNgPractics" name="method2" time="0.040"/>
  <system-out/>
</testsuite> <!-- basicsestng.TesNgPractics -->
