<?xml version="1.0" encoding="UTF-8"?>
<!-- Generated by org.testng.reporters.JUnitReportReporter -->
<testsuite hostname="LAPTOP-CSN7IEOG" failures="0" tests="2" name="basicsestng.beforeafter" time="0.008" errors="0" timestamp="2022-11-14T12:40:14 IST" skipped="0">
  <testcase classname="basicsestng.beforeafter" name="newmethod" time="0.006"/>
  <system-out/>
  <testcase classname="basicsestng.beforeafter" name="method3" time="0.002"/>
  <system-out/>
</testsuite> <!-- basicsestng.beforeafter -->
