<?xml version="1.0" encoding="UTF-8"?>
<!-- Generated by org.testng.reporters.JUnitReportReporter -->
<testsuite hostname="LAPTOP-CSN7IEOG" failures="0" tests="4" name="DataProviders.practice" time="71.223" errors="0" timestamp="2022-11-15T10:50:08 IST" skipped="0">
  <testcase classname="DataProviders.practice" name="dataprovidersprac" time="18.240"/>
  <system-out/>
  <testcase classname="DataProviders.practice" name="dataprovidersprac" time="27.853"/>
  <system-out/>
  <testcase classname="DataProviders.practice" name="dataprovidersprac" time="13.450"/>
  <system-out/>
  <testcase classname="DataProviders.practice" name="dataprovidersprac" time="11.680"/>
  <system-out/>
</testsuite> <!-- DataProviders.practice -->
