<?xml version="1.0" encoding="UTF-8"?>
<!-- Generated by org.testng.reporters.JUnitReportReporter -->
<testsuite hostname="LAPTOP-CSN7IEOG" failures="0" tests="1" name="basicsestng.Hardassertion" time="69.247" errors="0" timestamp="2022-11-14T12:40:14 IST" skipped="0">
  <testcase classname="basicsestng.Hardassertion" name="Assertion" time="69.247"/>
  <system-out/>
</testsuite> <!-- basicsestng.Hardassertion -->
