<?xml version="1.0" encoding="UTF-8"?>
<!-- Generated by org.testng.reporters.JUnitReportReporter -->
<testsuite hostname="LAPTOP-CSN7IEOG" failures="0" tests="1" name="Assertion.Hardassertion" time="54.356" errors="0" timestamp="2022-11-14T11:29:27 IST" skipped="0">
  <testcase classname="Assertion.Hardassertion" name="Assertion" time="54.356"/>
  <system-out/>
</testsuite> <!-- Assertion.Hardassertion -->
